{"timestamp":"2022-11-26T14:52:42.650506Z","level":"INFO","fields":{"message":"Initializing metrics"},"target":"dcapal_backend","threadName":"main"}
{"timestamp":"2022-11-26T14:52:42.650920Z","level":"INFO","fields":{"message":"Starting AssetRepository migration"},"target":"dcapal_backend","threadName":"main"}
{"timestamp":"2022-11-26T14:52:42.654780Z","level":"INFO","fields":{"message":"Index 'dca-pal:be:assetIdx' already exists"},"target":"dcapal_backend::repository","threadName":"main"}
{"timestamp":"2022-11-26T14:52:42.656257Z","level":"INFO","fields":{"message":"Index 'dca-pal:be:marketIdx' already exists"},"target":"dcapal_backend::repository","threadName":"main"}
{"timestamp":"2022-11-26T14:52:42.656407Z","level":"INFO","fields":{"message":"Starting Maintenance task"},"target":"dcapal_backend","threadName":"main"}
{"timestamp":"2022-11-26T14:52:42.656568Z","level":"INFO","fields":{"message":"Starting DcaServer at 127.0.0.1:8080"},"target":"dcapal_backend","threadName":"main"}
{"timestamp":"2022-11-26T14:52:43.670578Z","level":"INFO","fields":{"message":"Updating CW market data"},"target":"dcapal_backend::maintenance","threadName":"tokio-runtime-worker"}
{"timestamp":"2022-11-26T14:52:46.846860Z","level":"INFO","fields":{"message":"Fetching price from Yahoo","mkt":"ethchf"},"target":"dcapal_backend::domain","threadName":"tokio-runtime-worker"}
{"timestamp":"2022-11-26T14:52:47.009361Z","level":"WARN","fields":{"message":"Unsuccessful request. Code: Not Found. Description: No data found, symbol may be delisted","url":"https://query1.finance.yahoo.com/v8/finance/chart/eth-chf?period1=1669470600&period2=1669474200&interval=5m"},"target":"dcapal_backend::adapter::yahoo","threadName":"tokio-runtime-worker"}
{"timestamp":"2022-11-26T14:52:47.065469Z","level":"WARN","fields":{"message":"Unsuccessful request. Code: Not Found. Description: No data found, symbol may be delisted","url":"https://query1.finance.yahoo.com/v8/finance/chart/eth-chf?period1=1669334400&period2=1669474366&interval=1d"},"target":"dcapal_backend::adapter::yahoo","threadName":"tokio-runtime-worker"}
{"timestamp":"2022-11-26T14:52:47.065816Z","level":"ERROR","fields":{"message":"Cannot fetch price for any frequency (ts=2022-11-26 14:52:46.847025400 UTC)","mkt":"ethchf"},"target":"dcapal_backend::domain","threadName":"tokio-runtime-worker"}
{"timestamp":"2022-11-26T14:52:47.137041Z","level":"INFO","fields":{"message":"Fetching price from Yahoo","mkt":"sbrusd"},"target":"dcapal_backend::domain","threadName":"tokio-runtime-worker"}
{"timestamp":"2022-11-26T14:52:47.274090Z","level":"INFO","fields":{"message":"Fetching price from Yahoo","mkt":"akteur"},"target":"dcapal_backend::domain","threadName":"tokio-runtime-worker"}
{"timestamp":"2022-11-26T14:52:47.330278Z","level":"WARN","fields":{"message":"Unsuccessful request. Code: Not Found. Description: No data found, symbol may be delisted","url":"https://query1.finance.yahoo.com/v8/finance/chart/akt-eur?period1=1669470600&period2=1669474200&interval=5m"},"target":"dcapal_backend::adapter::yahoo","threadName":"tokio-runtime-worker"}
{"timestamp":"2022-11-26T14:52:47.387529Z","level":"WARN","fields":{"message":"Unsuccessful request. Code: Not Found. Description: No data found, symbol may be delisted","url":"https://query1.finance.yahoo.com/v8/finance/chart/akt-eur?period1=1669334400&period2=1669474367&interval=1d"},"target":"dcapal_backend::adapter::yahoo","threadName":"tokio-runtime-worker"}
{"timestamp":"2022-11-26T14:52:47.387863Z","level":"ERROR","fields":{"message":"Cannot fetch price for any frequency (ts=2022-11-26 14:52:47.274249600 UTC)","mkt":"akteur"},"target":"dcapal_backend::domain","threadName":"tokio-runtime-worker"}
{"timestamp":"2022-11-26T14:52:47.458829Z","level":"INFO","fields":{"message":"Fetching price from Yahoo","mkt":"lskusd"},"target":"dcapal_backend::domain","threadName":"tokio-runtime-worker"}
{"timestamp":"2022-11-26T14:52:47.587456Z","level":"INFO","fields":{"message":"Fetching price from Yahoo","mkt":"qnteur"},"target":"dcapal_backend::domain","threadName":"tokio-runtime-worker"}
{"timestamp":"2022-11-26T14:52:47.705731Z","level":"INFO","fields":{"message":"Fetching price from Yahoo","mkt":"btcaud"},"target":"dcapal_backend::domain","threadName":"tokio-runtime-worker"}
{"timestamp":"2022-11-26T14:52:47.830736Z","level":"INFO","fields":{"message":"Fetching price from Yahoo","mkt":"storjbtc"},"target":"dcapal_backend::domain","threadName":"tokio-runtime-worker"}
{"timestamp":"2022-11-26T14:52:47.958436Z","level":"INFO","fields":{"message":"Fetching price from Yahoo","mkt":"reqeur"},"target":"dcapal_backend::domain","threadName":"tokio-runtime-worker"}
{"timestamp":"2022-11-26T14:52:48.014823Z","level":"WARN","fields":{"message":"Unsuccessful request. Code: Not Found. Description: No data found, symbol may be delisted","url":"https://query1.finance.yahoo.com/v8/finance/chart/req-eur?period1=1669470600&period2=1669474200&interval=5m"},"target":"dcapal_backend::adapter::yahoo","threadName":"tokio-runtime-worker"}
{"timestamp":"2022-11-26T14:52:48.075325Z","level":"WARN","fields":{"message":"Unsuccessful request. Code: Not Found. Description: No data found, symbol may be delisted","url":"https://query1.finance.yahoo.com/v8/finance/chart/req-eur?period1=1669334400&period2=1669474367&interval=1d"},"target":"dcapal_backend::adapter::yahoo","threadName":"tokio-runtime-worker"}
{"timestamp":"2022-11-26T14:52:48.076300Z","level":"ERROR","fields":{"message":"Cannot fetch price for any frequency (ts=2022-11-26 14:52:47.958606800 UTC)","mkt":"reqeur"},"target":"dcapal_backend::domain","threadName":"tokio-runtime-worker"}
{"timestamp":"2022-11-26T14:52:48.141380Z","level":"INFO","fields":{"message":"Fetching price from Yahoo","mkt":"zeceur"},"target":"dcapal_backend::domain","threadName":"tokio-runtime-worker"}
{"timestamp":"2022-11-26T14:52:48.266071Z","level":"INFO","fields":{"message":"Fetching price from Yahoo","mkt":"wbtcusd"},"target":"dcapal_backend::domain","threadName":"tokio-runtime-worker"}
{"timestamp":"2022-11-26T14:52:48.390624Z","level":"INFO","fields":{"message":"Fetching price from Yahoo","mkt":"ustusdc"},"target":"dcapal_backend::domain","threadName":"tokio-runtime-worker"}
{"timestamp":"2022-11-26T14:52:48.450198Z","level":"WARN","fields":{"message":"Unsuccessful request. Code: Not Found. Description: No data found, symbol may be delisted","url":"https://query1.finance.yahoo.com/v8/finance/chart/ust-usdc?period1=1669470600&period2=1669474200&interval=5m"},"target":"dcapal_backend::adapter::yahoo","threadName":"tokio-runtime-worker"}
{"timestamp":"2022-11-26T14:52:48.506051Z","level":"WARN","fields":{"message":"Unsuccessful request. Code: Not Found. Description: No data found, symbol may be delisted","url":"https://query1.finance.yahoo.com/v8/finance/chart/ust-usdc?period1=1669334400&period2=1669474368&interval=1d"},"target":"dcapal_backend::adapter::yahoo","threadName":"tokio-runtime-worker"}
{"timestamp":"2022-11-26T14:52:48.506402Z","level":"ERROR","fields":{"message":"Cannot fetch price for any frequency (ts=2022-11-26 14:52:48.390797200 UTC)","mkt":"ustusdc"},"target":"dcapal_backend::domain","threadName":"tokio-runtime-worker"}
{"timestamp":"2022-11-26T14:52:48.579884Z","level":"INFO","fields":{"message":"Fetching price from Yahoo","mkt":"omgbtc"},"target":"dcapal_backend::domain","threadName":"tokio-runtime-worker"}
{"timestamp":"2022-11-26T14:52:48.713673Z","level":"INFO","fields":{"message":"Fetching price from Yahoo","mkt":"trueur"},"target":"dcapal_backend::domain","threadName":"tokio-runtime-worker"}
{"timestamp":"2022-11-26T14:52:48.768810Z","level":"WARN","fields":{"message":"Unsuccessful request. Code: Not Found. Description: No data found, symbol may be delisted","url":"https://query1.finance.yahoo.com/v8/finance/chart/tru-eur?period1=1669470600&period2=1669474200&interval=5m"},"target":"dcapal_backend::adapter::yahoo","threadName":"tokio-runtime-worker"}
{"timestamp":"2022-11-26T14:52:48.879686Z","level":"WARN","fields":{"message":"Unsuccessful request. Code: Not Found. Description: No data found, symbol may be delisted","url":"https://query1.finance.yahoo.com/v8/finance/chart/tru-eur?period1=1669334400&period2=1669474368&interval=1d"},"target":"dcapal_backend::adapter::yahoo","threadName":"tokio-runtime-worker"}
{"timestamp":"2022-11-26T14:52:48.880050Z","level":"ERROR","fields":{"message":"Cannot fetch price for any frequency (ts=2022-11-26 14:52:48.713859200 UTC)","mkt":"trueur"},"target":"dcapal_backend::domain","threadName":"tokio-runtime-worker"}
{"timestamp":"2022-11-26T14:52:48.946497Z","level":"INFO","fields":{"message":"Fetching price from Yahoo","mkt":"kinusd"},"target":"dcapal_backend::domain","threadName":"tokio-runtime-worker"}
{"timestamp":"2022-11-26T14:52:49.072741Z","level":"INFO","fields":{"message":"Fetching price from Yahoo","mkt":"bateur"},"target":"dcapal_backend::domain","threadName":"tokio-runtime-worker"}
{"timestamp":"2022-11-26T14:52:49.192722Z","level":"INFO","fields":{"message":"Fetching price from Yahoo","mkt":"zrxbtc"},"target":"dcapal_backend::domain","threadName":"tokio-runtime-worker"}
{"timestamp":"2022-11-26T14:52:49.321294Z","level":"INFO","fields":{"message":"Fetching price from Yahoo","mkt":"alphausd"},"target":"dcapal_backend::domain","threadName":"tokio-runtime-worker"}
{"timestamp":"2022-11-26T14:52:49.457600Z","level":"INFO","fields":{"message":"Fetching price from Yahoo","mkt":"ewteur"},"target":"dcapal_backend::domain","threadName":"tokio-runtime-worker"}
{"timestamp":"2022-11-26T14:52:49.579866Z","level":"INFO","fields":{"message":"Fetching price from Yahoo","mkt":"spellusd"},"target":"dcapal_backend::domain","threadName":"tokio-runtime-worker"}
{"timestamp":"2022-11-26T14:52:49.709187Z","level":"INFO","fields":{"message":"Fetching price from Yahoo","mkt":"bondeur"},"target":"dcapal_backend::domain","threadName":"tokio-runtime-worker"}
{"timestamp":"2022-11-26T14:52:49.767505Z","level":"WARN","fields":{"message":"Unsuccessful request. Code: Not Found. Description: No data found, symbol may be delisted","url":"https://query1.finance.yahoo.com/v8/finance/chart/bond-eur?period1=1669470600&period2=1669474200&interval=5m"},"target":"dcapal_backend::adapter::yahoo","threadName":"tokio-runtime-worker"}
{"timestamp":"2022-11-26T14:52:49.829468Z","level":"WARN","fields":{"message":"Unsuccessful request. Code: Not Found. Description: No data found, symbol may be delisted","url":"https://query1.finance.yahoo.com/v8/finance/chart/bond-eur?period1=1669334400&period2=1669474369&interval=1d"},"target":"dcapal_backend::adapter::yahoo","threadName":"tokio-runtime-worker"}
{"timestamp":"2022-11-26T14:52:49.829821Z","level":"ERROR","fields":{"message":"Cannot fetch price for any frequency (ts=2022-11-26 14:52:49.709370700 UTC)","mkt":"bondeur"},"target":"dcapal_backend::domain","threadName":"tokio-runtime-worker"}
{"timestamp":"2022-11-26T14:52:49.888505Z","level":"INFO","fields":{"message":"Fetching price from Yahoo","mkt":"sbreur"},"target":"dcapal_backend::domain","threadName":"tokio-runtime-worker"}
{"timestamp":"2022-11-26T14:52:49.944506Z","level":"WARN","fields":{"message":"Unsuccessful request. Code: Not Found. Description: No data found, symbol may be delisted","url":"https://query1.finance.yahoo.com/v8/finance/chart/sbr-eur?period1=1669470600&period2=1669474200&interval=5m"},"target":"dcapal_backend::adapter::yahoo","threadName":"tokio-runtime-worker"}
{"timestamp":"2022-11-26T14:52:50.008198Z","level":"WARN","fields":{"message":"Unsuccessful request. Code: Not Found. Description: No data found, symbol may be delisted","url":"https://query1.finance.yahoo.com/v8/finance/chart/sbr-eur?period1=1669334400&period2=1669474369&interval=1d"},"target":"dcapal_backend::adapter::yahoo","threadName":"tokio-runtime-worker"}
{"timestamp":"2022-11-26T14:52:50.008514Z","level":"ERROR","fields":{"message":"Cannot fetch price for any frequency (ts=2022-11-26 14:52:49.888728 UTC)","mkt":"sbreur"},"target":"dcapal_backend::domain","threadName":"tokio-runtime-worker"}
{"timestamp":"2022-11-26T14:52:50.073945Z","level":"INFO","fields":{"message":"Fetching price from Yahoo","mkt":"ksmdot"},"target":"dcapal_backend::domain","threadName":"tokio-runtime-worker"}
{"timestamp":"2022-11-26T14:52:50.131931Z","level":"WARN","fields":{"message":"Unsuccessful request. Code: Not Found. Description: No data found, symbol may be delisted","url":"https://query1.finance.yahoo.com/v8/finance/chart/ksm-dot?period1=1669470600&period2=1669474200&interval=5m"},"target":"dcapal_backend::adapter::yahoo","threadName":"tokio-runtime-worker"}
{"timestamp":"2022-11-26T14:52:50.247720Z","level":"WARN","fields":{"message":"Unsuccessful request. Code: Not Found. Description: No data found, symbol may be delisted","url":"https://query1.finance.yahoo.com/v8/finance/chart/ksm-dot?period1=1669334400&period2=1669474370&interval=1d"},"target":"dcapal_backend::adapter::yahoo","threadName":"tokio-runtime-worker"}
{"timestamp":"2022-11-26T14:52:50.248664Z","level":"ERROR","fields":{"message":"Cannot fetch price for any frequency (ts=2022-11-26 14:52:50.074138700 UTC)","mkt":"ksmdot"},"target":"dcapal_backend::domain","threadName":"tokio-runtime-worker"}
{"timestamp":"2022-11-26T14:52:50.307672Z","level":"INFO","fields":{"message":"Fetching price from Yahoo","mkt":"kavaeth"},"target":"dcapal_backend::domain","threadName":"tokio-runtime-worker"}
{"timestamp":"2022-11-26T14:52:50.433804Z","level":"INFO","fields":{"message":"Fetching price from Yahoo","mkt":"tlmeur"},"target":"dcapal_backend::domain","threadName":"tokio-runtime-worker"}
{"timestamp":"2022-11-26T14:52:50.493833Z","level":"WARN","fields":{"message":"Unsuccessful request. Code: Not Found. Description: No data found, symbol may be delisted","url":"https://query1.finance.yahoo.com/v8/finance/chart/tlm-eur?period1=1669470600&period2=1669474200&interval=5m"},"target":"dcapal_backend::adapter::yahoo","threadName":"tokio-runtime-worker"}
{"timestamp":"2022-11-26T14:52:50.555429Z","level":"WARN","fields":{"message":"Unsuccessful request. Code: Not Found. Description: No data found, symbol may be delisted","url":"https://query1.finance.yahoo.com/v8/finance/chart/tlm-eur?period1=1669334400&period2=1669474370&interval=1d"},"target":"dcapal_backend::adapter::yahoo","threadName":"tokio-runtime-worker"}
{"timestamp":"2022-11-26T14:52:50.556469Z","level":"ERROR","fields":{"message":"Cannot fetch price for any frequency (ts=2022-11-26 14:52:50.434049600 UTC)","mkt":"tlmeur"},"target":"dcapal_backend::domain","threadName":"tokio-runtime-worker"}
{"timestamp":"2022-11-26T14:52:50.618952Z","level":"INFO","fields":{"message":"Fetching price from Yahoo","mkt":"doteth"},"target":"dcapal_backend::domain","threadName":"tokio-runtime-worker"}
{"timestamp":"2022-11-26T14:52:50.758792Z","level":"INFO","fields":{"message":"Fetching price from Yahoo","mkt":"xtzgbp"},"target":"dcapal_backend::domain","threadName":"tokio-runtime-worker"}
{"timestamp":"2022-11-26T14:52:50.886570Z","level":"INFO","fields":{"message":"Fetching price from Yahoo","mkt":"mvusd"},"target":"dcapal_backend::domain","threadName":"tokio-runtime-worker"}
{"timestamp":"2022-11-26T14:52:51.005685Z","level":"INFO","fields":{"message":"Fetching price from Yahoo","mkt":"audiousd"},"target":"dcapal_backend::domain","threadName":"tokio-runtime-worker"}
{"timestamp":"2022-11-26T14:52:51.146080Z","level":"INFO","fields":{"message":"Fetching price from Yahoo","mkt":"mlneur"},"target":"dcapal_backend::domain","threadName":"tokio-runtime-worker"}
{"timestamp":"2022-11-26T14:52:51.300782Z","level":"INFO","fields":{"message":"Fetching price from Yahoo","mkt":"sdneur"},"target":"dcapal_backend::domain","threadName":"tokio-runtime-worker"}
{"timestamp":"2022-11-26T14:52:51.370302Z","level":"WARN","fields":{"message":"Unsuccessful request. Code: Not Found. Description: No data found, symbol may be delisted","url":"https://query1.finance.yahoo.com/v8/finance/chart/sdn-eur?period1=1669470600&period2=1669474200&interval=5m"},"target":"dcapal_backend::adapter::yahoo","threadName":"tokio-runtime-worker"}
{"timestamp":"2022-11-26T14:52:51.438363Z","level":"WARN","fields":{"message":"Unsuccessful request. Code: Not Found. Description: No data found, symbol may be delisted","url":"https://query1.finance.yahoo.com/v8/finance/chart/sdn-eur?period1=1669334400&period2=1669474371&interval=1d"},"target":"dcapal_backend::adapter::yahoo","threadName":"tokio-runtime-worker"}
{"timestamp":"2022-11-26T14:52:51.438610Z","level":"ERROR","fields":{"message":"Cannot fetch price for any frequency (ts=2022-11-26 14:52:51.300954800 UTC)","mkt":"sdneur"},"target":"dcapal_backend::domain","threadName":"tokio-runtime-worker"}
{"timestamp":"2022-11-26T14:52:51.504667Z","level":"INFO","fields":{"message":"Fetching price from Yahoo","mkt":"btcdai"},"target":"dcapal_backend::domain","threadName":"tokio-runtime-worker"}
{"timestamp":"2022-11-26T14:52:51.574865Z","level":"WARN","fields":{"message":"Unsuccessful request. Code: Not Found. Description: No data found, symbol may be delisted","url":"https://query1.finance.yahoo.com/v8/finance/chart/btc-dai?period1=1669470600&period2=1669474200&interval=5m"},"target":"dcapal_backend::adapter::yahoo","threadName":"tokio-runtime-worker"}
{"timestamp":"2022-11-26T14:52:51.636035Z","level":"WARN","fields":{"message":"Unsuccessful request. Code: Not Found. Description: No data found, symbol may be delisted","url":"https://query1.finance.yahoo.com/v8/finance/chart/btc-dai?period1=1669334400&period2=1669474371&interval=1d"},"target":"dcapal_backend::adapter::yahoo","threadName":"tokio-runtime-worker"}
{"timestamp":"2022-11-26T14:52:51.636404Z","level":"ERROR","fields":{"message":"Cannot fetch price for any frequency (ts=2022-11-26 14:52:51.504852900 UTC)","mkt":"btcdai"},"target":"dcapal_backend::domain","threadName":"tokio-runtime-worker"}
{"timestamp":"2022-11-26T14:52:51.701643Z","level":"INFO","fields":{"message":"Fetching price from Yahoo","mkt":"ltcgbp"},"target":"dcapal_backend::domain","threadName":"tokio-runtime-worker"}
{"timestamp":"2022-11-26T14:52:51.832089Z","level":"INFO","fields":{"message":"Fetching price from Yahoo","mkt":"icxeth"},"target":"dcapal_backend::domain","threadName":"tokio-runtime-worker"}
{"timestamp":"2022-11-26T14:52:51.963778Z","level":"INFO","fields":{"message":"Fetching price from Yahoo","mkt":"enjeur"},"target":"dcapal_backend::domain","threadName":"tokio-runtime-worker"}
{"timestamp":"2022-11-26T14:52:52.088247Z","level":"INFO","fields":{"message":"Fetching price from Yahoo","mkt":"galeur"},"target":"dcapal_backend::domain","threadName":"tokio-runtime-worker"}
{"timestamp":"2022-11-26T14:52:52.142919Z","level":"WARN","fields":{"message":"Unsuccessful request. Code: Not Found. Description: No data found, symbol may be delisted","url":"https://query1.finance.yahoo.com/v8/finance/chart/gal-eur?period1=1669470600&period2=1669474200&interval=5m"},"target":"dcapal_backend::adapter::yahoo","threadName":"tokio-runtime-worker"}
{"timestamp":"2022-11-26T14:52:52.199715Z","level":"WARN","fields":{"message":"Unsuccessful request. Code: Not Found. Description: No data found, symbol may be delisted","url":"https://query1.finance.yahoo.com/v8/finance/chart/gal-eur?period1=1669334400&period2=1669474372&interval=1d"},"target":"dcapal_backend::adapter::yahoo","threadName":"tokio-runtime-worker"}
{"timestamp":"2022-11-26T14:52:52.199946Z","level":"ERROR","fields":{"message":"Cannot fetch price for any frequency (ts=2022-11-26 14:52:52.088420700 UTC)","mkt":"galeur"},"target":"dcapal_backend::domain","threadName":"tokio-runtime-worker"}
{"timestamp":"2022-11-26T14:52:52.259612Z","level":"INFO","fields":{"message":"Fetching price from Yahoo","mkt":"rndreur"},"target":"dcapal_backend::domain","threadName":"tokio-runtime-worker"}
{"timestamp":"2022-11-26T14:52:52.367894Z","level":"WARN","fields":{"message":"Unsuccessful request. Code: Not Found. Description: No data found, symbol may be delisted","url":"https://query1.finance.yahoo.com/v8/finance/chart/rndr-eur?period1=1669470600&period2=1669474200&interval=5m"},"target":"dcapal_backend::adapter::yahoo","threadName":"tokio-runtime-worker"}
{"timestamp":"2022-11-26T14:52:52.438142Z","level":"WARN","fields":{"message":"Unsuccessful request. Code: Not Found. Description: No data found, symbol may be delisted","url":"https://query1.finance.yahoo.com/v8/finance/chart/rndr-eur?period1=1669334400&period2=1669474372&interval=1d"},"target":"dcapal_backend::adapter::yahoo","threadName":"tokio-runtime-worker"}
{"timestamp":"2022-11-26T14:52:52.438391Z","level":"ERROR","fields":{"message":"Cannot fetch price for any frequency (ts=2022-11-26 14:52:52.259790500 UTC)","mkt":"rndreur"},"target":"dcapal_backend::domain","threadName":"tokio-runtime-worker"}
{"timestamp":"2022-11-26T14:52:52.508372Z","level":"INFO","fields":{"message":"Fetching price from Yahoo","mkt":"enjjpy"},"target":"dcapal_backend::domain","threadName":"tokio-runtime-worker"}
{"timestamp":"2022-11-26T14:52:52.647146Z","level":"INFO","fields":{"message":"Fetching price from Yahoo","mkt":"kineur"},"target":"dcapal_backend::domain","threadName":"tokio-runtime-worker"}
{"timestamp":"2022-11-26T14:52:52.767900Z","level":"INFO","fields":{"message":"Fetching price from Yahoo","mkt":"floweth"},"target":"dcapal_backend::domain","threadName":"tokio-runtime-worker"}
{"timestamp":"2022-11-26T14:52:52.896278Z","level":"INFO","fields":{"message":"Fetching price from Yahoo","mkt":"xmrusd"},"target":"dcapal_backend::domain","threadName":"tokio-runtime-worker"}
{"timestamp":"2022-11-26T14:52:53.066174Z","level":"INFO","fields":{"message":"Fetching price from Yahoo","mkt":"cvcusd"},"target":"dcapal_backend::domain","threadName":"tokio-runtime-worker"}
{"timestamp":"2022-11-26T14:52:53.251568Z","level":"INFO","fields":{"message":"Fetching price from Yahoo","mkt":"phausd"},"target":"dcapal_backend::domain","threadName":"tokio-runtime-worker"}
{"timestamp":"2022-11-26T14:52:53.377792Z","level":"INFO","fields":{"message":"Fetching price from Yahoo","mkt":"pondusd"},"target":"dcapal_backend::domain","threadName":"tokio-runtime-worker"}
{"timestamp":"2022-11-26T14:52:53.500146Z","level":"INFO","fields":{"message":"Fetching price from Yahoo","mkt":"nmrusd"},"target":"dcapal_backend::domain","threadName":"tokio-runtime-worker"}
{"timestamp":"2022-11-26T14:52:53.631160Z","level":"INFO","fields":{"message":"Fetching price from Yahoo","mkt":"xrtusd"},"target":"dcapal_backend::domain","threadName":"tokio-runtime-worker"}
{"timestamp":"2022-11-26T14:52:53.771409Z","level":"INFO","fields":{"message":"Fetching price from Yahoo","mkt":"axsusd"},"target":"dcapal_backend::domain","threadName":"tokio-runtime-worker"}
{"timestamp":"2022-11-26T14:52:53.905213Z","level":"INFO","fields":{"message":"Fetching price from Yahoo","mkt":"intreur"},"target":"dcapal_backend::domain","threadName":"tokio-runtime-worker"}
{"timestamp":"2022-11-26T14:52:53.962060Z","level":"WARN","fields":{"message":"Unsuccessful request. Code: Not Found. Description: No data found, symbol may be delisted","url":"https://query1.finance.yahoo.com/v8/finance/chart/intr-eur?period1=1669470600&period2=1669474200&interval=5m"},"target":"dcapal_backend::adapter::yahoo","threadName":"tokio-runtime-worker"}
{"timestamp":"2022-11-26T14:52:54.018876Z","level":"WARN","fields":{"message":"Unsuccessful request. Code: Not Found. Description: No data found, symbol may be delisted","url":"https://query1.finance.yahoo.com/v8/finance/chart/intr-eur?period1=1669334400&period2=1669474373&interval=1d"},"target":"dcapal_backend::adapter::yahoo","threadName":"tokio-runtime-worker"}
{"timestamp":"2022-11-26T14:52:54.019282Z","level":"ERROR","fields":{"message":"Cannot fetch price for any frequency (ts=2022-11-26 14:52:53.905415500 UTC)","mkt":"intreur"},"target":"dcapal_backend::domain","threadName":"tokio-runtime-worker"}
{"timestamp":"2022-11-26T14:52:54.088747Z","level":"INFO","fields":{"message":"Fetching price from Yahoo","mkt":"rookeur"},"target":"dcapal_backend::domain","threadName":"tokio-runtime-worker"}
{"timestamp":"2022-11-26T14:52:54.145092Z","level":"WARN","fields":{"message":"Unsuccessful request. Code: Not Found. Description: No data found, symbol may be delisted","url":"https://query1.finance.yahoo.com/v8/finance/chart/rook-eur?period1=1669470600&period2=1669474200&interval=5m"},"target":"dcapal_backend::adapter::yahoo","threadName":"tokio-runtime-worker"}
{"timestamp":"2022-11-26T14:52:54.202497Z","level":"WARN","fields":{"message":"Unsuccessful request. Code: Not Found. Description: No data found, symbol may be delisted","url":"https://query1.finance.yahoo.com/v8/finance/chart/rook-eur?period1=1669334400&period2=1669474374&interval=1d"},"target":"dcapal_backend::adapter::yahoo","threadName":"tokio-runtime-worker"}
{"timestamp":"2022-11-26T14:52:54.202836Z","level":"ERROR","fields":{"message":"Cannot fetch price for any frequency (ts=2022-11-26 14:52:54.088919500 UTC)","mkt":"rookeur"},"target":"dcapal_backend::domain","threadName":"tokio-runtime-worker"}
{"timestamp":"2022-11-26T14:52:54.272848Z","level":"INFO","fields":{"message":"Fetching price from Yahoo","mkt":"lptusd"},"target":"dcapal_backend::domain","threadName":"tokio-runtime-worker"}
{"timestamp":"2022-11-26T14:52:54.397672Z","level":"INFO","fields":{"message":"Fetching price from Yahoo","mkt":"nearusd"},"target":"dcapal_backend::domain","threadName":"tokio-runtime-worker"}
{"timestamp":"2022-11-26T14:52:54.525818Z","level":"INFO","fields":{"message":"Fetching price from Yahoo","mkt":"repv2btc"},"target":"dcapal_backend::domain","threadName":"tokio-runtime-worker"}
{"timestamp":"2022-11-26T14:52:54.638609Z","level":"ERROR","fields":{"message":"Cannot fetch price for any frequency (ts=2022-11-26 14:52:54.525992100 UTC)","mkt":"repv2btc"},"target":"dcapal_backend::domain","threadName":"tokio-runtime-worker"}
{"timestamp":"2022-11-26T14:52:54.706625Z","level":"INFO","fields":{"message":"Fetching price from Yahoo","mkt":"filaud"},"target":"dcapal_backend::domain","threadName":"tokio-runtime-worker"}
{"timestamp":"2022-11-26T14:52:54.832849Z","level":"INFO","fields":{"message":"Fetching price from Yahoo","mkt":"blzeur"},"target":"dcapal_backend::domain","threadName":"tokio-runtime-worker"}
{"timestamp":"2022-11-26T14:52:54.901493Z","level":"WARN","fields":{"message":"Unsuccessful request. Code: Not Found. Description: No data found, symbol may be delisted","url":"https://query1.finance.yahoo.com/v8/finance/chart/blz-eur?period1=1669470600&period2=1669474200&interval=5m"},"target":"dcapal_backend::adapter::yahoo","threadName":"tokio-runtime-worker"}
{"timestamp":"2022-11-26T14:52:54.958968Z","level":"WARN","fields":{"message":"Unsuccessful request. Code: Not Found. Description: No data found, symbol may be delisted","url":"https://query1.finance.yahoo.com/v8/finance/chart/blz-eur?period1=1669334400&period2=1669474374&interval=1d"},"target":"dcapal_backend::adapter::yahoo","threadName":"tokio-runtime-worker"}
{"timestamp":"2022-11-26T14:52:54.959266Z","level":"ERROR","fields":{"message":"Cannot fetch price for any frequency (ts=2022-11-26 14:52:54.833027900 UTC)","mkt":"blzeur"},"target":"dcapal_backend::domain","threadName":"tokio-runtime-worker"}
{"timestamp":"2022-11-26T14:52:55.018978Z","level":"INFO","fields":{"message":"Fetching price from Yahoo","mkt":"bandeur"},"target":"dcapal_backend::domain","threadName":"tokio-runtime-worker"}
{"timestamp":"2022-11-26T14:52:55.148920Z","level":"INFO","fields":{"message":"Fetching price from Yahoo","mkt":"linkgbp"},"target":"dcapal_backend::domain","threadName":"tokio-runtime-worker"}
{"timestamp":"2022-11-26T14:52:55.312395Z","level":"INFO","fields":{"message":"Fetching price from Yahoo","mkt":"aaveeur"},"target":"dcapal_backend::domain","threadName":"tokio-runtime-worker"}
{"timestamp":"2022-11-26T14:52:55.435964Z","level":"INFO","fields":{"message":"Fetching price from Yahoo","mkt":"arpausd"},"target":"dcapal_backend::domain","threadName":"tokio-runtime-worker"}
{"timestamp":"2022-11-26T14:52:55.558768Z","level":"INFO","fields":{"message":"Fetching price from Yahoo","mkt":"bcheur"},"target":"dcapal_backend::domain","threadName":"tokio-runtime-worker"}
{"timestamp":"2022-11-26T14:52:55.684058Z","level":"INFO","fields":{"message":"Fetching price from Yahoo","mkt":"sandbtc"},"target":"dcapal_backend::domain","threadName":"tokio-runtime-worker"}
{"timestamp":"2022-11-26T14:52:55.807726Z","level":"INFO","fields":{"message":"Fetching price from Yahoo","mkt":"agldeur"},"target":"dcapal_backend::domain","threadName":"tokio-runtime-worker"}
{"timestamp":"2022-11-26T14:52:55.863606Z","level":"WARN","fields":{"message":"Unsuccessful request. Code: Not Found. Description: No data found, symbol may be delisted","url":"https://query1.finance.yahoo.com/v8/finance/chart/agld-eur?period1=1669470600&period2=1669474200&interval=5m"},"target":"dcapal_backend::adapter::yahoo","threadName":"tokio-runtime-worker"}
{"timestamp":"2022-11-26T14:52:55.920392Z","level":"WARN","fields":{"message":"Unsuccessful request. Code: Not Found. Description: No data found, symbol may be delisted","url":"https://query1.finance.yahoo.com/v8/finance/chart/agld-eur?period1=1669334400&period2=1669474375&interval=1d"},"target":"dcapal_backend::adapter::yahoo","threadName":"tokio-runtime-worker"}
{"timestamp":"2022-11-26T14:52:55.920707Z","level":"ERROR","fields":{"message":"Cannot fetch price for any frequency (ts=2022-11-26 14:52:55.807905 UTC)","mkt":"agldeur"},"target":"dcapal_backend::domain","threadName":"tokio-runtime-worker"}
{"timestamp":"2022-11-26T14:52:55.977057Z","level":"INFO","fields":{"message":"Fetching price from Yahoo","mkt":"ensusd"},"target":"dcapal_backend::domain","threadName":"tokio-runtime-worker"}
{"timestamp":"2022-11-26T14:52:56.163861Z","level":"INFO","fields":{"message":"Fetching price from Yahoo","mkt":"dogeusd"},"target":"dcapal_backend::domain","threadName":"tokio-runtime-worker"}
{"timestamp":"2022-11-26T14:52:56.293381Z","level":"INFO","fields":{"message":"Fetching price from Yahoo","mkt":"movreur"},"target":"dcapal_backend::domain","threadName":"tokio-runtime-worker"}
{"timestamp":"2022-11-26T14:52:56.401979Z","level":"WARN","fields":{"message":"Unsuccessful request. Code: Not Found. Description: No data found, symbol may be delisted","url":"https://query1.finance.yahoo.com/v8/finance/chart/movr-eur?period1=1669470600&period2=1669474200&interval=5m"},"target":"dcapal_backend::adapter::yahoo","threadName":"tokio-runtime-worker"}
{"timestamp":"2022-11-26T14:52:56.509138Z","level":"WARN","fields":{"message":"Unsuccessful request. Code: Not Found. Description: No data found, symbol may be delisted","url":"https://query1.finance.yahoo.com/v8/finance/chart/movr-eur?period1=1669334400&period2=1669474376&interval=1d"},"target":"dcapal_backend::adapter::yahoo","threadName":"tokio-runtime-worker"}
{"timestamp":"2022-11-26T14:52:56.509363Z","level":"ERROR","fields":{"message":"Cannot fetch price for any frequency (ts=2022-11-26 14:52:56.293634700 UTC)","mkt":"movreur"},"target":"dcapal_backend::domain","threadName":"tokio-runtime-worker"}
{"timestamp":"2022-11-26T14:52:56.569049Z","level":"INFO","fields":{"message":"Fetching price from Yahoo","mkt":"shibusdt"},"target":"dcapal_backend::domain","threadName":"tokio-runtime-worker"}
{"timestamp":"2022-11-26T14:52:56.624222Z","level":"WARN","fields":{"message":"Unsuccessful request. Code: Not Found. Description: No data found, symbol may be delisted","url":"https://query1.finance.yahoo.com/v8/finance/chart/shib-usdt?period1=1669470600&period2=1669474200&interval=5m"},"target":"dcapal_backend::adapter::yahoo","threadName":"tokio-runtime-worker"}
{"timestamp":"2022-11-26T14:52:56.680766Z","level":"WARN","fields":{"message":"Unsuccessful request. Code: Not Found. Description: No data found, symbol may be delisted","url":"https://query1.finance.yahoo.com/v8/finance/chart/shib-usdt?period1=1669334400&period2=1669474376&interval=1d"},"target":"dcapal_backend::adapter::yahoo","threadName":"tokio-runtime-worker"}
{"timestamp":"2022-11-26T14:52:56.681743Z","level":"ERROR","fields":{"message":"Cannot fetch price for any frequency (ts=2022-11-26 14:52:56.569225500 UTC)","mkt":"shibusdt"},"target":"dcapal_backend::domain","threadName":"tokio-runtime-worker"}
{"timestamp":"2022-11-26T14:52:56.746781Z","level":"INFO","fields":{"message":"Fetching price from Yahoo","mkt":"antbtc"},"target":"dcapal_backend::domain","threadName":"tokio-runtime-worker"}
{"timestamp":"2022-11-26T14:52:56.879162Z","level":"INFO","fields":{"message":"Fetching price from Yahoo","mkt":"nanobtc"},"target":"dcapal_backend::domain","threadName":"tokio-runtime-worker"}
{"timestamp":"2022-11-26T14:52:56.995074Z","level":"ERROR","fields":{"message":"Cannot fetch price for any frequency (ts=2022-11-26 14:52:56.879356600 UTC)","mkt":"nanobtc"},"target":"dcapal_backend::domain","threadName":"tokio-runtime-worker"}
{"timestamp":"2022-11-26T14:52:57.063323Z","level":"INFO","fields":{"message":"Fetching price from Yahoo","mkt":"ltcusdt"},"target":"dcapal_backend::domain","threadName":"tokio-runtime-worker"}
{"timestamp":"2022-11-26T14:52:57.139903Z","level":"WARN","fields":{"message":"Unsuccessful request. Code: Not Found. Description: No data found, symbol may be delisted","url":"https://query1.finance.yahoo.com/v8/finance/chart/ltc-usdt?period1=1669470600&period2=1669474200&interval=5m"},"target":"dcapal_backend::adapter::yahoo","threadName":"tokio-runtime-worker"}
{"timestamp":"2022-11-26T14:52:57.251586Z","level":"WARN","fields":{"message":"Unsuccessful request. Code: Not Found. Description: No data found, symbol may be delisted","url":"https://query1.finance.yahoo.com/v8/finance/chart/ltc-usdt?period1=1669334400&period2=1669474377&interval=1d"},"target":"dcapal_backend::adapter::yahoo","threadName":"tokio-runtime-worker"}
{"timestamp":"2022-11-26T14:52:57.251998Z","level":"ERROR","fields":{"message":"Cannot fetch price for any frequency (ts=2022-11-26 14:52:57.063492300 UTC)","mkt":"ltcusdt"},"target":"dcapal_backend::domain","threadName":"tokio-runtime-worker"}
{"timestamp":"2022-11-26T14:52:57.313052Z","level":"INFO","fields":{"message":"Fetching price from Yahoo","mkt":"xtzaud"},"target":"dcapal_backend::domain","threadName":"tokio-runtime-worker"}
{"timestamp":"2022-11-26T14:52:57.449223Z","level":"INFO","fields":{"message":"Fetching price from Yahoo","mkt":"btteur"},"target":"dcapal_backend::domain","threadName":"tokio-runtime-worker"}
{"timestamp":"2022-11-26T14:52:57.570750Z","level":"ERROR","fields":{"message":"Cannot fetch price for any frequency (ts=2022-11-26 14:52:57.449405300 UTC)","mkt":"btteur"},"target":"dcapal_backend::domain","threadName":"tokio-runtime-worker"}
{"timestamp":"2022-11-26T14:52:57.639839Z","level":"INFO","fields":{"message":"Fetching price from Yahoo","mkt":"maskeur"},"target":"dcapal_backend::domain","threadName":"tokio-runtime-worker"}
{"timestamp":"2022-11-26T14:52:57.696416Z","level":"WARN","fields":{"message":"Unsuccessful request. Code: Not Found. Description: No data found, symbol may be delisted","url":"https://query1.finance.yahoo.com/v8/finance/chart/mask-eur?period1=1669470600&period2=1669474200&interval=5m"},"target":"dcapal_backend::adapter::yahoo","threadName":"tokio-runtime-worker"}
{"timestamp":"2022-11-26T14:52:57.754925Z","level":"WARN","fields":{"message":"Unsuccessful request. Code: Not Found. Description: No data found, symbol may be delisted","url":"https://query1.finance.yahoo.com/v8/finance/chart/mask-eur?period1=1669334400&period2=1669474377&interval=1d"},"target":"dcapal_backend::adapter::yahoo","threadName":"tokio-runtime-worker"}
{"timestamp":"2022-11-26T14:52:57.755908Z","level":"ERROR","fields":{"message":"Cannot fetch price for any frequency (ts=2022-11-26 14:52:57.640011800 UTC)","mkt":"maskeur"},"target":"dcapal_backend::domain","threadName":"tokio-runtime-worker"}
{"timestamp":"2022-11-26T14:52:57.826318Z","level":"INFO","fields":{"message":"Fetching price from Yahoo","mkt":"usdchf"},"target":"dcapal_backend::domain","threadName":"tokio-runtime-worker"}
{"timestamp":"2022-11-26T14:52:58.065776Z","level":"INFO","fields":{"message":"Fetching price from Yahoo","mkt":"atomgbp"},"target":"dcapal_backend::domain","threadName":"tokio-runtime-worker"}
{"timestamp":"2022-11-26T14:52:58.190329Z","level":"INFO","fields":{"message":"Fetching price from Yahoo","mkt":"repeur"},"target":"dcapal_backend::domain","threadName":"tokio-runtime-worker"}
{"timestamp":"2022-11-26T14:52:58.330513Z","level":"INFO","fields":{"message":"Fetching price from Yahoo","mkt":"btcchf"},"target":"dcapal_backend::domain","threadName":"tokio-runtime-worker"}
